0 info it worked if it ends with ok
1 verbose cli [ '/usr/local/bin/node', '/usr/local/bin/npm', 'run', 'start' ]
2 info using npm@3.3.9
3 info using node@v5.7.0
4 verbose run-script [ 'prestart', 'start', 'poststart' ]
5 info lifecycle api@1.0.0~prestart: api@1.0.0
6 silly lifecycle api@1.0.0~prestart: no script for prestart, continuing
7 info lifecycle api@1.0.0~start: api@1.0.0
8 verbose lifecycle api@1.0.0~start: unsafe-perm in lifecycle true
9 verbose lifecycle api@1.0.0~start: PATH: /usr/local/lib/node_modules/npm/bin/node-gyp-bin:/Users/L3ve/nodeServer/node_modules/.bin:/Users/L3ve/.pythonbrew/bin:/Users/L3ve/.pythonbrew/pythons/Python-3.4.3/bin:/usr/local/bin:/usr/bin:/bin:/usr/sbin:/sbin:/opt/X11/bin:/Users/L3ve/QT5.5.0/5.5/clang_64/bin
10 verbose lifecycle api@1.0.0~start: CWD: /Users/L3ve/nodeServer
11 silly lifecycle api@1.0.0~start: Args: [ '-c', 'hserver ./src/app.js' ]
12 info lifecycle api@1.0.0~start: Failed to exec start script
13 verbose stack Error: api@1.0.0 start: `hserver ./src/app.js`
13 verbose stack spawn ENOENT
13 verbose stack     at ChildProcess.<anonymous> (/usr/local/lib/node_modules/npm/lib/utils/spawn.js:17:16)
13 verbose stack     at emitTwo (events.js:100:13)
13 verbose stack     at ChildProcess.emit (events.js:185:7)
13 verbose stack     at maybeClose (internal/child_process.js:827:16)
13 verbose stack     at Process.ChildProcess._handle.onexit (internal/child_process.js:211:5)
14 verbose pkgid api@1.0.0
15 verbose cwd /Users/L3ve/nodeServer
16 error Darwin 15.4.0
17 error argv "/usr/local/bin/node" "/usr/local/bin/npm" "run" "start"
18 error node v5.7.0
19 error npm  v3.3.9
20 error file sh
21 error code ELIFECYCLE
22 error errno ENOENT
23 error syscall spawn
24 error api@1.0.0 start: `hserver ./src/app.js`
24 error spawn ENOENT
25 error Failed at the api@1.0.0 start script 'hserver ./src/app.js'.
25 error This is most likely a problem with the api package,
25 error not with npm itself.
25 error Tell the author that this fails on your system:
25 error     hserver ./src/app.js
25 error You can get their info via:
25 error     npm owner ls api
25 error There is likely additional logging output above.
26 verbose exit [ 1, true ]
